Using pre-set license
Built from '2020.3/release' branch; Version is '2020.3.12f1 (b3b2c6512326) revision 11776710'; Using compiler version '192528614'; Build Type 'Release'
OS: 'Windows 10 Pro; OS build 17763.1577; Version 1809; 64bit' Language: 'ko' Physical Memory: 12252 MB
BatchMode: 1, IsHumanControllingUs: 0, StartBugReporterOnCrash: 0, Is64bit: 1, IsPro: 0

 COMMAND LINE ARGUMENTS:
C:\Program Files\Unity\Hub\Editor\2020.3.12f1\Editor\Unity.exe
-adb2
-batchMode
-noUpm
-name
AssetImportWorker0
-projectPath
C:/Users/CCIT/Documents/GitHub/CCIT_SYNDROME
-logFile
Logs/AssetImportWorker0.log
-srvPort
60568
Successfully changed project path to: C:/Users/CCIT/Documents/GitHub/CCIT_SYNDROME
C:/Users/CCIT/Documents/GitHub/CCIT_SYNDROME
Using Asset Import Pipeline V2.
Refreshing native plugins compatible for Editor in 88.73 ms, found 3 plugins.
Preloading 0 native plugins for Editor in 0.00 ms.
Initialize engine version: 2020.3.12f1 (b3b2c6512326)
[Subsystems] Discovering subsystems at path C:/Program Files/Unity/Hub/Editor/2020.3.12f1/Editor/Data/Resources/UnitySubsystems
[Subsystems] Discovering subsystems at path C:/Users/CCIT/Documents/GitHub/CCIT_SYNDROME/Assets
GfxDevice: creating device client; threaded=0
Direct3D:
    Version:  Direct3D 11.0 [level 11.0]
    Renderer: NVIDIA GeForce GT 740 (ID=0xfc8)
    Vendor:   
    VRAM:     984 MB
    Driver:   27.21.14.5671
Initialize mono
Mono path[0] = 'C:/Program Files/Unity/Hub/Editor/2020.3.12f1/Editor/Data/Managed'
Mono path[1] = 'C:/Program Files/Unity/Hub/Editor/2020.3.12f1/Editor/Data/MonoBleedingEdge/lib/mono/unityjit'
Mono config path = 'C:/Program Files/Unity/Hub/Editor/2020.3.12f1/Editor/Data/MonoBleedingEdge/etc'
Using monoOptions --debugger-agent=transport=dt_socket,embedding=1,server=y,suspend=n,address=127.0.0.1:56988
Begin MonoManager ReloadAssembly
Registering precompiled unity dll's ...
Register platform support module: C:/Program Files/Unity/Hub/Editor/2020.3.12f1/Editor/Data/PlaybackEngines/WindowsStandaloneSupport/UnityEditor.WindowsStandalone.Extensions.dll
Registered in 0.004425 seconds.
Native extension for WindowsStandalone target not found
Refreshing native plugins compatible for Editor in 80.94 ms, found 3 plugins.
Preloading 0 native plugins for Editor in 0.00 ms.
Mono: successfully reloaded assembly
- Completed reload, in  2.407 seconds
Platform modules already initialized, skipping
Registering precompiled user dll's ...
Registered in 0.011191 seconds.
Begin MonoManager ReloadAssembly
Native extension for WindowsStandalone target not found
Refreshing native plugins compatible for Editor in 79.71 ms, found 3 plugins.
Preloading 0 native plugins for Editor in 0.00 ms.
Mono: successfully reloaded assembly
- Completed reload, in  1.929 seconds
Platform modules already initialized, skipping
========================================================================
Worker process is ready to serve import requests
Launched and connected shader compiler UnityShaderCompiler.exe after 0.09 seconds
Refreshing native plugins compatible for Editor in 0.71 ms, found 3 plugins.
Preloading 0 native plugins for Editor in 0.00 ms.
Unloading 2208 Unused Serialized files (Serialized files now loaded: 0)
System memory in use before: 172.6 MB.
System memory in use after: 172.6 MB.

Unloading 32 unused Assets to reduce memory usage. Loaded Objects now: 2648.
Total: 3.048400 ms (FindLiveObjects: 0.225100 ms CreateObjectMapping: 0.141800 ms MarkObjects: 2.487900 ms  DeleteObjects: 0.191600 ms)

AssetImportParameters requested are different than current active one (requested -> active):
  custom:framework-win-MediaFoundation: 216162199b28c13a410421893ffa2e32 -> 
  custom:video-decoder-ogg-theora: a1e56fd34408186e4bbccfd4996cb3dc -> 
  custom:container-muxer-webm: aa71ff27fc2769a1b78a27578f13a17b -> 
  custom:container-demuxer-webm: 4f35f7cbe854078d1ac9338744f61a02 -> 
  custom:container-demuxer-ogg: 62fdf1f143b41e24485cea50d1cbac27 -> 
  custom:video-encoder-webm-vp8: eb34c28f22e8b96e1ab97ce403110664 -> 
  custom:video-decoder-webm-vp8: 9c59270c3fd7afecdb556c50c9e8de78 -> 
  custom:audio-decoder-ogg-vorbis: bf7c407c2cedff20999df2af8eb42d56 -> 
  custom:audio-encoder-webm-vorbis: bf7c407c2cedff20999df2af8eb42d56 -> 
========================================================================
Received Import Request.
  path: Assets/Scripts/Fake.cs
  artifactKey: Guid(bb1396d0236b5654a8aa9b6edc2968a1) Importer(815301076,1909f56bfc062723c751e8b465ee728b)
Start importing Assets/Scripts/Fake.cs using Guid(bb1396d0236b5654a8aa9b6edc2968a1) Importer(815301076,1909f56bfc062723c751e8b465ee728b)  -> (artifact id: '415a5c1de4338c0ddf386a4d165907a3') in 0.074687 seconds 
  Import took 0.081009 seconds .

========================================================================
Received Import Request.
  Time since last request: 12.292525 seconds.
  path: Assets/Test Scenes
  artifactKey: Guid(62fae14f6e7f1a44d8a1011f5d6c9800) Importer(815301076,1909f56bfc062723c751e8b465ee728b)
Start importing Assets/Test Scenes using Guid(62fae14f6e7f1a44d8a1011f5d6c9800) Importer(815301076,1909f56bfc062723c751e8b465ee728b)  -> (artifact id: '0e232bef06dc401f7d80ae076caddf01') in 0.009049 seconds 
  Import took 0.015470 seconds .

========================================================================
Received Import Request.
  Time since last request: 4.646203 seconds.
  path: Assets/Test Scenes/BGC
  artifactKey: Guid(1c0858efe9cec9d45ae90396b62df380) Importer(815301076,1909f56bfc062723c751e8b465ee728b)
Start importing Assets/Test Scenes/BGC using Guid(1c0858efe9cec9d45ae90396b62df380) Importer(815301076,1909f56bfc062723c751e8b465ee728b)  -> (artifact id: 'e0c4ea4779b77cb51c1dcf5a0e31c68c') in 0.009887 seconds 
  Import took 0.016573 seconds .

========================================================================
Received Import Request.
  Time since last request: 31.060693 seconds.
  path: Assets/Test Scenes/BGC/newMapSystem.cs
  artifactKey: Guid(966e674598819134199a9220d093bbc1) Importer(815301076,1909f56bfc062723c751e8b465ee728b)
Start importing Assets/Test Scenes/BGC/newMapSystem.cs using Guid(966e674598819134199a9220d093bbc1) Importer(815301076,1909f56bfc062723c751e8b465ee728b)  -> (artifact id: 'e0fbdde32163ee0261663e1473965b7a') in 0.010623 seconds 
  Import took 0.017099 seconds .

========================================================================
Received Prepare
Registering precompiled user dll's ...
Registered in 0.021651 seconds.
Begin MonoManager ReloadAssembly
Native extension for WindowsStandalone target not found
Refreshing native plugins compatible for Editor in 0.70 ms, found 3 plugins.
Preloading 0 native plugins for Editor in 0.00 ms.
Mono: successfully reloaded assembly
- Completed reload, in  1.722 seconds
Platform modules already initialized, skipping
Refreshing native plugins compatible for Editor in 0.71 ms, found 3 plugins.
Preloading 0 native plugins for Editor in 0.00 ms.
Unloading 2186 Unused Serialized files (Serialized files now loaded: 0)
System memory in use before: 171.2 MB.
System memory in use after: 171.2 MB.

Unloading 20 unused Assets to reduce memory usage. Loaded Objects now: 2653.
Total: 3.435200 ms (FindLiveObjects: 0.228500 ms CreateObjectMapping: 0.107600 ms MarkObjects: 2.958800 ms  DeleteObjects: 0.137900 ms)

AssetImportParameters requested are different than current active one (requested -> active):
  custom:framework-win-MediaFoundation: 216162199b28c13a410421893ffa2e32 -> 
  custom:video-decoder-ogg-theora: a1e56fd34408186e4bbccfd4996cb3dc -> 
  custom:container-muxer-webm: aa71ff27fc2769a1b78a27578f13a17b -> 
  custom:container-demuxer-webm: 4f35f7cbe854078d1ac9338744f61a02 -> 
  custom:container-demuxer-ogg: 62fdf1f143b41e24485cea50d1cbac27 -> 
  custom:video-encoder-webm-vp8: eb34c28f22e8b96e1ab97ce403110664 -> 
  custom:video-decoder-webm-vp8: 9c59270c3fd7afecdb556c50c9e8de78 -> 
  custom:audio-decoder-ogg-vorbis: bf7c407c2cedff20999df2af8eb42d56 -> 
  custom:audio-encoder-webm-vorbis: bf7c407c2cedff20999df2af8eb42d56 -> 
